\BOOKMARK [0][-]{chapter.1}{\376\377\000D\000\351\000f\000i\000n\000i\000t\000i\000o\000n\000\040\000d\000e\000\040\000l\000a\000\040\000d\000e\000m\000a\000n\000d\000e\000\040\000d\000u\000\040\000c\000l\000i\000e\000n\000t}{}% 1
\BOOKMARK [0][-]{chapter.2}{\376\377\000P\000r\000o\000p\000o\000s\000i\000t\000i\000o\000n\000s\000\040\000d\000'\000a\000r\000c\000h\000i\000t\000e\000c\000t\000u\000r\000e\000\040\000m\000a\000t\000\351\000r\000i\000e\000l\000l\000e}{}% 2
\BOOKMARK [1][-]{section.2.1}{\376\377\000O\000r\000d\000i\000n\000a\000t\000e\000u\000r\000\040\000F\000i\000x\000e}{chapter.2}% 3
\BOOKMARK [2][-]{subsection.2.1.1}{\376\377\000B\000u\000d\000g\000e\000t\000\040\0001}{section.2.1}% 4
\BOOKMARK [2][-]{subsection.2.1.2}{\376\377\000B\000u\000d\000g\000e\000t\000\040\0002}{section.2.1}% 5
\BOOKMARK [1][-]{section.2.2}{\376\377\000O\000r\000d\000i\000n\000a\000t\000e\000u\000r\000\040\000P\000o\000r\000t\000a\000b\000l\000e}{chapter.2}% 6
\BOOKMARK [2][-]{subsection.2.2.1}{\376\377\000B\000u\000d\000g\000e\000t\000\040\0001}{section.2.2}% 7
\BOOKMARK [2][-]{subsection.2.2.2}{\376\377\000B\000u\000d\000g\000e\000t\000\040\0002}{section.2.2}% 8
\BOOKMARK [0][-]{chapter.3}{\376\377\000P\000r\000o\000p\000o\000s\000i\000t\000i\000o\000n\000\040\000d\000'\000a\000r\000c\000h\000i\000t\000e\000c\000t\000u\000r\000e\000\040\000l\000o\000g\000i\000c\000i\000e\000l\000l\000e}{}% 9
\BOOKMARK [1][-]{section.3.1}{\376\377\000S\000y\000s\000t\000\350\000m\000e\000\040\000d\000'\000e\000x\000p\000l\000o\000i\000t\000a\000t\000i\000o\000n}{chapter.3}% 10
\BOOKMARK [2][-]{subsection.3.1.1}{\376\377\000d\000e\000b\000i\000a\000n}{section.3.1}% 11
\BOOKMARK [2][-]{subsection.3.1.2}{\376\377\000u\000b\000u\000n\000t\000u}{section.3.1}% 12
\BOOKMARK [1][-]{section.3.2}{\376\377\000O\000r\000g\000a\000n\000i\000s\000a\000t\000i\000o\000n}{chapter.3}% 13
\BOOKMARK [1][-]{section.3.3}{\376\377\000L\000o\000g\000i\000c\000i\000e\000l\000s}{chapter.3}% 14
\BOOKMARK [0][-]{chapter.4}{\376\377\000P\000r\000\351\000c\000o\000n\000i\000s\000a\000t\000i\000o\000n\000\040\000d\000'\000u\000n\000\040\000p\000o\000s\000t\000e\000\040\000d\000e\000\040\000d\000\351\000v\000e\000l\000o\000p\000p\000e\000m\000e\000n\000t}{}% 15
\BOOKMARK [1][-]{section.4.1}{\376\377\000C\000o\000m\000p\000a\000r\000a\000i\000s\000o\000n\000\040\000d\000e\000s\000\040\000p\000r\000o\000p\000o\000s\000i\000t\000i\000o\000n\000s\000\040\000p\000r\000\351\000c\000\351\000d\000e\000n\000t\000e\000s}{chapter.4}% 16
\BOOKMARK [2][-]{subsection.4.1.1}{\376\377\000F\000i\000x\000e\000\040\0001}{section.4.1}% 17
\BOOKMARK [2][-]{subsection.4.1.2}{\376\377\000F\000i\000x\000e\000\040\0002}{section.4.1}% 18
\BOOKMARK [2][-]{subsection.4.1.3}{\376\377\000P\000o\000r\000t\000a\000b\000l\000e\000\040\0001}{section.4.1}% 19
\BOOKMARK [2][-]{subsection.4.1.4}{\376\377\000P\000o\000r\000t\000a\000b\000l\000e\000\040\0002}{section.4.1}% 20
\BOOKMARK [1][-]{section.4.2}{\376\377\000P\000r\000i\000x}{chapter.4}% 21
\BOOKMARK [2][-]{subsection.4.2.1}{\376\377\000H\000a\000r\000d\000w\000a\000r\000e}{section.4.2}% 22
\BOOKMARK [2][-]{subsection.4.2.2}{\376\377\000S\000o\000f\000t\000w\000a\000r\000e}{section.4.2}% 23
\BOOKMARK [2][-]{subsection.4.2.3}{\376\377\000T\000o\000t\000a\000l}{section.4.2}% 24
