\BOOKMARK [0][-]{chapter.1}{\376\377\000I\000n\000s\000t\000a\000l\000l\000a\000t\000i\000o\000n\000\040\000d\000u\000\040\000S\000y\000s\000t\000\350\000m\000e\000\040\000d\000e\000\040\000B\000a\000s\000e}{}% 1
\BOOKMARK [1][-]{section.1.1}{\376\377\000A\000c\000c\000\351\000d\000e\000r\000\040\000a\000u\000\040\000p\000r\000o\000g\000r\000a\000m\000m\000e\000\040\000d\000'\000i\000n\000s\000t\000a\000l\000l\000a\000t\000i\000o\000n}{chapter.1}% 2
\BOOKMARK [1][-]{section.1.2}{\376\377\000E\000c\000r\000a\000n\000\040\000d\000'\000i\000n\000s\000t\000a\000l\000l\000a\000t\000i\000o\000n}{chapter.1}% 3
\BOOKMARK [1][-]{section.1.3}{\376\377\000S\000e\000l\000e\000c\000t\000\040\000a\000\040\000l\000a\000n\000g\000u\000a\000g\000e}{chapter.1}% 4
\BOOKMARK [1][-]{section.1.4}{\376\377\000C\000h\000o\000i\000x\000\040\000d\000e\000\040\000v\000o\000t\000r\000e\000\040\000s\000i\000t\000u\000a\000t\000i\000o\000n\000\040\000g\000\351\000o\000g\000r\000a\000p\000h\000i\000q\000u\000e}{chapter.1}% 5
\BOOKMARK [1][-]{section.1.5}{\376\377\000C\000o\000n\000f\000i\000g\000u\000r\000e\000r\000\040\000l\000e\000\040\000c\000l\000a\000v\000i\000e\000r}{chapter.1}% 6
\BOOKMARK [1][-]{section.1.6}{\376\377\000C\000o\000n\000f\000i\000g\000u\000r\000e\000r\000\040\000l\000e\000\040\000r\000\351\000s\000e\000a\000u}{chapter.1}% 7
\BOOKMARK [1][-]{section.1.7}{\376\377\000C\000r\000\351\000e\000r\000\040\000l\000e\000s\000\040\000u\000t\000i\000l\000i\000s\000a\000t\000e\000u\000r\000s\000\040\000e\000t\000\040\000c\000h\000o\000i\000s\000i\000r\000\040\000l\000e\000s\000\040\000m\000o\000t\000s\000\040\000d\000e\000\040\000p\000a\000s\000s\000e}{chapter.1}% 8
\BOOKMARK [1][-]{section.1.8}{\376\377\000P\000a\000r\000t\000i\000t\000i\000o\000n\000n\000e\000r\000\040\000l\000e\000s\000\040\000d\000i\000s\000q\000u\000e\000s}{chapter.1}% 9
\BOOKMARK [1][-]{section.1.9}{\376\377\000P\000a\000r\000t\000i\000t\000i\000o\000n\000\040\000/}{chapter.1}% 10
\BOOKMARK [2][-]{subsection.1.9.1}{\376\377\000P\000a\000r\000t\000i\000t\000i\000o\000n\000\040\000s\000w\000a\000p}{section.1.9}% 11
\BOOKMARK [2][-]{subsection.1.9.2}{\376\377\000P\000a\000r\000t\000i\000t\000i\000o\000n\000\040\000/\000o\000p\000t}{section.1.9}% 12
\BOOKMARK [2][-]{subsection.1.9.3}{\376\377\000P\000a\000r\000t\000i\000t\000i\000o\000n\000\040\000/\000h\000o\000m\000e}{section.1.9}% 13
\BOOKMARK [2][-]{subsection.1.9.4}{\376\377\000F\000i\000n\000a\000l\000i\000s\000a\000t\000i\000o\000n\000\040\000d\000e\000s\000\040\000p\000a\000r\000t\000i\000t\000i\000o\000n\000s}{section.1.9}% 14
\BOOKMARK [1][-]{section.1.10}{\376\377\000C\000o\000n\000f\000i\000g\000u\000r\000e\000r\000\040\000l\000'\000o\000u\000t\000i\000l\000\040\000d\000e\000\040\000g\000e\000s\000t\000i\000o\000n\000\040\000d\000e\000s\000\040\000p\000a\000q\000u\000e\000t\000s}{chapter.1}% 15
\BOOKMARK [1][-]{section.1.11}{\376\377\000S\000\351\000l\000e\000c\000t\000i\000o\000n\000\040\000d\000e\000s\000\040\000l\000o\000g\000i\000c\000i\000e\000l\000s}{chapter.1}% 16
\BOOKMARK [1][-]{section.1.12}{\376\377\000C\000o\000n\000f\000i\000g\000u\000r\000a\000t\000i\000o\000n\000\040\000d\000e\000\040\000g\000r\000u\000b\000-\000p\000c}{chapter.1}% 17
\BOOKMARK [1][-]{section.1.13}{\376\377\000T\000e\000r\000m\000i\000n\000e\000r\000\040\000l\000'\000i\000n\000s\000t\000a\000l\000l\000a\000t\000i\000o\000n}{chapter.1}% 18
\BOOKMARK [0][-]{chapter.2}{\376\377\000C\000o\000n\000f\000i\000g\000u\000r\000a\000t\000i\000o\000n\000\040\000e\000n\000\040\000m\000o\000d\000e\000\040\000t\000e\000x\000t\000e}{}% 19
\BOOKMARK [1][-]{section.2.1}{\376\377\000P\000r\000\351\000-\000r\000e\000q\000u\000i\000s}{chapter.2}% 20
\BOOKMARK [1][-]{section.2.2}{\376\377\000A\000j\000o\000u\000t\000e\000r\000\040\000l\000e\000s\000\040\000d\000\351\000p\000\364\000t\000s\000\040\000s\000u\000p\000p\000l\000\351\000m\000e\000n\000t\000a\000i\000r\000e\000s}{chapter.2}% 21
\BOOKMARK [1][-]{section.2.3}{\376\377\000I\000n\000s\000t\000a\000l\000l\000e\000r\000\040\000l\000e\000\040\000s\000u\000p\000p\000o\000r\000t\000\040\000s\000o\000u\000r\000i\000s\000\040\000e\000n\000\040\000m\000o\000d\000e\000\040\000t\000e\000x\000t\000e}{chapter.2}% 22
\BOOKMARK [1][-]{section.2.4}{\376\377\000M\000o\000d\000i\000f\000i\000c\000a\000t\000i\000o\000n\000\040\000d\000u\000\040\000g\000r\000o\000u\000p\000e\000\040\000s\000t\000a\000f\000f}{chapter.2}% 23
\BOOKMARK [1][-]{section.2.5}{\376\377\000M\000o\000d\000i\000f\000i\000c\000a\000t\000i\000o\000n\000\040\000d\000e\000\040\000l\000'\000u\000t\000i\000l\000i\000s\000a\000t\000e\000u\000r\000\040\000m\000s\000a\000l\000o\000m\000o\000n}{chapter.2}% 24
\BOOKMARK [1][-]{section.2.6}{\376\377\000A\000j\000o\000u\000t\000\040\000d\000e\000\040\000l\000'\000u\000t\000i\000l\000i\000s\000a\000t\000e\000u\000r\000\040\000v\000i\000s\000i\000t\000e\000u\000r}{chapter.2}% 25
\BOOKMARK [1][-]{section.2.7}{\376\377\000C\000r\000\351\000a\000t\000i\000o\000n\000\040\000d\000e\000s\000\040\000c\000l\000\351\000s\000\040\000S\000S\000H\000\040\000p\000o\000u\000r\000\040\000m\000s\000a\000l\000o\000m\000o\000n}{chapter.2}% 26
\BOOKMARK [0][-]{chapter.3}{\376\377\000C\000o\000n\000f\000i\000g\000u\000r\000a\000t\000i\000o\000n\000\040\000r\000\351\000s\000e\000a\000u}{}% 27
\BOOKMARK [0][-]{chapter.4}{\376\377\000R\000\351\000p\000e\000r\000t\000o\000i\000r\000e\000\040\000p\000a\000r\000t\000a\000g\000\351}{}% 28
\BOOKMARK [0][-]{chapter.5}{\376\377\000E\000n\000v\000i\000r\000o\000n\000n\000e\000m\000e\000n\000t\000\040\000d\000e\000\040\000b\000u\000r\000e\000a\000u}{}% 29
